Using pre-set license
Built from '2021.2/staging' branch; Version is '2021.2.7f1 (6bd9e232123f) revision 7068130'; Using compiler version '192829333'; Build Type 'Release'
OS: 'Windows 11  (10.0.22621) 64bit Core' Language: 'en' Physical Memory: 16086 MB
BatchMode: 1, IsHumanControllingUs: 0, StartBugReporterOnCrash: 0, Is64bit: 1, IsPro: 0

COMMAND LINE ARGUMENTS:
C:\Program Files\Unity\Hub\Editor\2021.2.7f1\Editor\Unity.exe
-adb2
-batchMode
-noUpm
-name
AssetImportWorker1
-projectPath
C:/Users/Liam/OneDrive/Documentos/GitHub/IdTechGameUnity2/IdTechGameUnity2/idGame_2/idGame
-logFile
Logs/AssetImportWorker1.log
-srvPort
64733
Successfully changed project path to: C:/Users/Liam/OneDrive/Documentos/GitHub/IdTechGameUnity2/IdTechGameUnity2/idGame_2/idGame
C:/Users/Liam/OneDrive/Documentos/GitHub/IdTechGameUnity2/IdTechGameUnity2/idGame_2/idGame
[UnityMemory] Configuration Parameters - Can be set up in boot.config
    "memorysetup-bucket-allocator-granularity=16"
    "memorysetup-bucket-allocator-bucket-count=8"
    "memorysetup-bucket-allocator-block-size=33554432"
    "memorysetup-bucket-allocator-block-count=8"
    "memorysetup-main-allocator-block-size=16777216"
    "memorysetup-thread-allocator-block-size=16777216"
    "memorysetup-gfx-main-allocator-block-size=16777216"
    "memorysetup-gfx-thread-allocator-block-size=16777216"
    "memorysetup-cache-allocator-block-size=4194304"
    "memorysetup-typetree-allocator-block-size=2097152"
    "memorysetup-profiler-bucket-allocator-granularity=16"
    "memorysetup-profiler-bucket-allocator-bucket-count=8"
    "memorysetup-profiler-bucket-allocator-block-size=33554432"
    "memorysetup-profiler-bucket-allocator-block-count=8"
    "memorysetup-profiler-allocator-block-size=16777216"
    "memorysetup-profiler-editor-allocator-block-size=1048576"
    "memorysetup-temp-allocator-size-main=16777216"
    "memorysetup-job-temp-allocator-block-size=2097152"
    "memorysetup-job-temp-allocator-block-size-background=1048576"
    "memorysetup-job-temp-allocator-reduction-small-platforms=262144"
    "memorysetup-temp-allocator-size-background-worker=32768"
    "memorysetup-temp-allocator-size-job-worker=262144"
    "memorysetup-temp-allocator-size-preload-manager=33554432"
    "memorysetup-temp-allocator-size-nav-mesh-worker=65536"
    "memorysetup-temp-allocator-size-audio-worker=65536"
    "memorysetup-temp-allocator-size-cloud-worker=32768"
    "memorysetup-temp-allocator-size-gi-baking-worker=262144"
    "memorysetup-temp-allocator-size-gfx=262144"
Refreshing native plugins compatible for Editor in 172.58 ms, found 3 plugins.
Preloading 0 native plugins for Editor in 0.00 ms.
Initialize engine version: 2021.2.7f1 (6bd9e232123f)
[Subsystems] Discovering subsystems at path C:/Program Files/Unity/Hub/Editor/2021.2.7f1/Editor/Data/Resources/UnitySubsystems
[Subsystems] Discovering subsystems at path C:/Users/Liam/OneDrive/Documentos/GitHub/IdTechGameUnity2/IdTechGameUnity2/idGame_2/idGame/Assets
GfxDevice: creating device client; threaded=0; jobified=0
Direct3D:
    Version:  Direct3D 11.0 [level 11.1]
    Renderer: NVIDIA GeForce GTX 1650 Ti with Max-Q Design (ID=0x1f95)
    Vendor:   NVIDIA
    VRAM:     3962 MB
    Driver:   31.0.15.2230
Initialize mono
Mono path[0] = 'C:/Program Files/Unity/Hub/Editor/2021.2.7f1/Editor/Data/Managed'
Mono path[1] = 'C:/Program Files/Unity/Hub/Editor/2021.2.7f1/Editor/Data/MonoBleedingEdge/lib/mono/unityjit-win32'
Mono config path = 'C:/Program Files/Unity/Hub/Editor/2021.2.7f1/Editor/Data/MonoBleedingEdge/etc'
Using monoOptions --debugger-agent=transport=dt_socket,embedding=1,server=y,suspend=n,address=127.0.0.1:56884
Begin MonoManager ReloadAssembly
Registering precompiled unity dll's ...
Register platform support module: C:/Program Files/Unity/Hub/Editor/2021.2.7f1/Editor/Data/PlaybackEngines/WebGLSupport/UnityEditor.WebGL.Extensions.dll
Register platform support module: C:/Program Files/Unity/Hub/Editor/2021.2.7f1/Editor/Data/PlaybackEngines/WindowsStandaloneSupport/UnityEditor.WindowsStandalone.Extensions.dll
Registered in 0.017374 seconds.
Native extension for WindowsStandalone target not found
Native extension for WebGL target not found
Refreshing native plugins compatible for Editor in 162.35 ms, found 3 plugins.
Preloading 0 native plugins for Editor in 0.00 ms.
Mono: successfully reloaded assembly
- Completed reload, in  1.121 seconds
Domain Reload Profiling:
	ReloadAssembly (1122ms)
		BeginReloadAssembly (146ms)
			ExecutionOrderSort (0ms)
			DisableScriptedObjects (0ms)
			BackupInstance (0ms)
			ReleaseScriptingObjects (0ms)
			CreateAndSetChildDomain (1ms)
		EndReloadAssembly (826ms)
			LoadAssemblies (141ms)
			RebuildTransferFunctionScriptingTraits (0ms)
			SetupTypeCache (192ms)
			ReleaseScriptCaches (0ms)
			RebuildScriptCaches (39ms)
			SetupLoadedEditorAssemblies (506ms)
				LogAssemblyErrors (0ms)
				InitializePlatformSupportModulesInManaged (29ms)
				SetLoadedEditorAssemblies (0ms)
				RefreshPlugins (163ms)
				BeforeProcessingInitializeOnLoad (3ms)
				ProcessInitializeOnLoadAttributes (231ms)
				ProcessInitializeOnLoadMethodAttributes (80ms)
				AfterProcessingInitializeOnLoad (0ms)
				EditorAssembliesLoaded (0ms)
			ExecutionOrderSort2 (0ms)
			AwakeInstancesAfterBackupRestoration (0ms)
Platform modules already initialized, skipping
Registering precompiled user dll's ...
Registered in 0.028378 seconds.
Begin MonoManager ReloadAssembly
Symbol file LoadedFromMemory doesn't match image C:\Users\Liam\OneDrive\Documentos\GitHub\IdTechGameUnity2\IdTechGameUnity2\idGame_2\idGame\Library\PackageCache\com.unity.visualscripting@1.7.6\Editor\VisualScripting.Core\Dependencies\YamlDotNet\Unity.VisualScripting.YamlDotNet.dll
Symbol file LoadedFromMemory doesn't match image C:\Users\Liam\OneDrive\Documentos\GitHub\IdTechGameUnity2\IdTechGameUnity2\idGame_2\idGame\Library\PackageCache\com.unity.visualscripting@1.7.6\Editor\VisualScripting.Core\Dependencies\DotNetZip\Unity.VisualScripting.IonicZip.dll
Native extension for WindowsStandalone target not found
Native extension for WebGL target not found
Refreshing native plugins compatible for Editor in 155.12 ms, found 3 plugins.
Preloading 0 native plugins for Editor in 0.00 ms.
Mono: successfully reloaded assembly
- Completed reload, in  2.956 seconds
Domain Reload Profiling:
	ReloadAssembly (2957ms)
		BeginReloadAssembly (192ms)
			ExecutionOrderSort (0ms)
			DisableScriptedObjects (8ms)
			BackupInstance (0ms)
			ReleaseScriptingObjects (0ms)
			CreateAndSetChildDomain (32ms)
		EndReloadAssembly (2579ms)
			LoadAssemblies (182ms)
			RebuildTransferFunctionScriptingTraits (0ms)
			SetupTypeCache (442ms)
			ReleaseScriptCaches (1ms)
			RebuildScriptCaches (97ms)
			SetupLoadedEditorAssemblies (1805ms)
				LogAssemblyErrors (0ms)
				InitializePlatformSupportModulesInManaged (16ms)
				SetLoadedEditorAssemblies (0ms)
				RefreshPlugins (155ms)
				BeforeProcessingInitializeOnLoad (144ms)
				ProcessInitializeOnLoadAttributes (1446ms)
				ProcessInitializeOnLoadMethodAttributes (30ms)
				AfterProcessingInitializeOnLoad (13ms)
				EditorAssembliesLoaded (0ms)
			ExecutionOrderSort2 (0ms)
			AwakeInstancesAfterBackupRestoration (9ms)
Platform modules already initialized, skipping
========================================================================
Worker process is ready to serve import requests
Launched and connected shader compiler UnityShaderCompiler.exe after 0.13 seconds
Refreshing native plugins compatible for Editor in 1.46 ms, found 3 plugins.
Preloading 0 native plugins for Editor in 0.00 ms.
Unloading 4534 Unused Serialized files (Serialized files now loaded: 0)
Unloading 83 unused Assets / (2.8 MB). Loaded Objects now: 4995.
Memory consumption went from 226.3 MB to 223.5 MB.
Total: 6.253900 ms (FindLiveObjects: 0.576200 ms CreateObjectMapping: 0.767300 ms MarkObjects: 4.305500 ms  DeleteObjects: 0.601800 ms)

AssetImportParameters requested are different than current active one (requested -> active):
  custom:video-decoder-ogg-theora: a1e56fd34408186e4bbccfd4996cb3dc -> 
  custom:container-muxer-webm: aa71ff27fc2769a1b78a27578f13a17b -> 
  custom:container-demuxer-webm: 4f35f7cbe854078d1ac9338744f61a02 -> 
  custom:video-encoder-webm-vp8: eb34c28f22e8b96e1ab97ce403110664 -> 
  custom:video-codec-MediaFoundation-h265: 746d11721c4dcdbdad8f713fa42b33f4 -> 
  custom:audio-encoder-webm-vorbis: bf7c407c2cedff20999df2af8eb42d56 -> 
  custom:framework-win-MediaFoundation: 216162199b28c13a410421893ffa2e32 -> 
  custom:container-demuxer-ogg: 62fdf1f143b41e24485cea50d1cbac27 -> 
  custom:video-decoder-webm-vp8: 9c59270c3fd7afecdb556c50c9e8de78 -> 
  custom:audio-decoder-ogg-vorbis: bf7c407c2cedff20999df2af8eb42d56 -> 
========================================================================
Received Import Request.
  Time since last request: 88849.459056 seconds.
  path: Assets/scripts/Interactable.cs
  artifactKey: Guid(57fc4daf247b5b849826e0e82f89fcc0) Importer(815301076,1909f56bfc062723c751e8b465ee728b)
Start importing Assets/scripts/Interactable.cs using Guid(57fc4daf247b5b849826e0e82f89fcc0) Importer(815301076,1909f56bfc062723c751e8b465ee728b)  -> (artifact id: '54f64025e99dbe15808a646c3ae3df71') in 0.047099 seconds 
========================================================================
Received Prepare
Registering precompiled user dll's ...
Registered in 0.017314 seconds.
Begin MonoManager ReloadAssembly
Symbol file LoadedFromMemory doesn't match image C:\Users\Liam\OneDrive\Documentos\GitHub\IdTechGameUnity2\IdTechGameUnity2\idGame_2\idGame\Library\PackageCache\com.unity.visualscripting@1.7.6\Editor\VisualScripting.Core\Dependencies\YamlDotNet\Unity.VisualScripting.YamlDotNet.dll
Symbol file LoadedFromMemory doesn't match image C:\Users\Liam\OneDrive\Documentos\GitHub\IdTechGameUnity2\IdTechGameUnity2\idGame_2\idGame\Library\PackageCache\com.unity.visualscripting@1.7.6\Editor\VisualScripting.Core\Dependencies\DotNetZip\Unity.VisualScripting.IonicZip.dll
Native extension for WindowsStandalone target not found
Native extension for WebGL target not found
Refreshing native plugins compatible for Editor in 1.41 ms, found 3 plugins.
Preloading 0 native plugins for Editor in 0.00 ms.
Error saving file Library/StateCache/LayerSettings/9e/9ecc5c3c162a7aba29bafa64c8b94b7c.json. Error: System.IO.IOException: Sharing violation on path C:\Users\Liam\OneDrive\Documentos\GitHub\IdTechGameUnity2\IdTechGameUnity2\idGame_2\idGame\Library\StateCache\LayerSettings\9e\9ecc5c3c162a7aba29bafa64c8b94b7c.json
  at System.IO.FileStream..ctor (System.String path, System.IO.FileMode mode, System.IO.FileAccess access, System.IO.FileShare share, System.Int32 bufferSize, System.Boolean anonymous, System.IO.FileOptions options) [0x0019e] in <31c0f51ac5a24a22ba784db24f4ba023>:0 
  at System.IO.FileStream..ctor (System.String path, System.IO.FileMode mode, System.IO.FileAccess access, System.IO.FileShare share, System.Int32 bufferSize, System.IO.FileOptions options) [0x00000] in <31c0f51ac5a24a22ba784db24f4ba023>:0 
  at (wrapper remoting-invoke-with-check) System.IO.FileStream..ctor(string,System.IO.FileMode,System.IO.FileAccess,System.IO.FileShare,int,System.IO.FileOptions)
  at System.IO.StreamWriter..ctor (System.String path, System.Boolean append, System.Text.Encoding encoding, System.Int32 bufferSize) [0x00055] in <31c0f51ac5a24a22ba784db24f4ba023>:0 
  at System.IO.StreamWriter..ctor (System.String path, System.Boolean append, System.Text.Encoding encoding) [0x00000] in <31c0f51ac5a24a22ba784db24f4ba023>:0 
  at (wrapper remoting-invoke-with-check) System.IO.StreamWriter..ctor(string,bool,System.Text.Encoding)
  at System.IO.File.WriteAllText (System.String path, System.String contents, System.Text.Encoding encoding) [0x00034] in <31c0f51ac5a24a22ba784db24f4ba023>:0 
  at UnityEditor.StateCache`1[T].SetState (UnityEngine.Hash128 key, T obj) [0x0004b] in <0cde216a590a4d6fbc3d7db7ac203c5d>:0 
UnityEngine.StackTraceUtility:ExtractStackTrace ()
UnityEngine.DebugLogHandler:LogFormat (UnityEngine.LogType,UnityEngine.Object,string,object[])
UnityEngine.Logger:Log (UnityEngine.LogType,object)
UnityEngine.Debug:LogError (object)
UnityEditor.StateCache`1<UnityEditor.Tools/LayerSettings>:SetState (UnityEngine.Hash128,UnityEditor.Tools/LayerSettings)
UnityEditor.Tools:set_lockedLayers (int)
UnityEditor.Tools:OnEnable ()

Mono: successfully reloaded assembly
- Completed reload, in  1.929 seconds
Domain Reload Profiling:
	ReloadAssembly (1930ms)
		BeginReloadAssembly (249ms)
			ExecutionOrderSort (0ms)
			DisableScriptedObjects (4ms)
			BackupInstance (0ms)
			ReleaseScriptingObjects (0ms)
			CreateAndSetChildDomain (87ms)
		EndReloadAssembly (1540ms)
			LoadAssemblies (161ms)
			RebuildTransferFunctionScriptingTraits (0ms)
			SetupTypeCache (446ms)
			ReleaseScriptCaches (1ms)
			RebuildScriptCaches (83ms)
			SetupLoadedEditorAssemblies (773ms)
				LogAssemblyErrors (0ms)
				InitializePlatformSupportModulesInManaged (17ms)
				SetLoadedEditorAssemblies (0ms)
				RefreshPlugins (1ms)
				BeforeProcessingInitializeOnLoad (106ms)
				ProcessInitializeOnLoadAttributes (602ms)
				ProcessInitializeOnLoadMethodAttributes (34ms)
				AfterProcessingInitializeOnLoad (12ms)
				EditorAssembliesLoaded (0ms)
			ExecutionOrderSort2 (0ms)
			AwakeInstancesAfterBackupRestoration (25ms)
Platform modules already initialized, skipping
Refreshing native plugins compatible for Editor in 1.33 ms, found 3 plugins.
Preloading 0 native plugins for Editor in 0.00 ms.
Unloading 4443 Unused Serialized files (Serialized files now loaded: 0)
Unloading 54 unused Assets / (2.8 MB). Loaded Objects now: 5012.
Memory consumption went from 217.8 MB to 214.9 MB.
Total: 8.612000 ms (FindLiveObjects: 0.822800 ms CreateObjectMapping: 0.971300 ms MarkObjects: 5.828800 ms  DeleteObjects: 0.986800 ms)

AssetImportParameters requested are different than current active one (requested -> active):
  custom:video-decoder-ogg-theora: a1e56fd34408186e4bbccfd4996cb3dc -> 
  custom:container-muxer-webm: aa71ff27fc2769a1b78a27578f13a17b -> 
  custom:container-demuxer-webm: 4f35f7cbe854078d1ac9338744f61a02 -> 
  custom:video-encoder-webm-vp8: eb34c28f22e8b96e1ab97ce403110664 -> 
  custom:video-codec-MediaFoundation-h265: 746d11721c4dcdbdad8f713fa42b33f4 -> 
  custom:audio-encoder-webm-vorbis: bf7c407c2cedff20999df2af8eb42d56 -> 
  custom:framework-win-MediaFoundation: 216162199b28c13a410421893ffa2e32 -> 
  custom:container-demuxer-ogg: 62fdf1f143b41e24485cea50d1cbac27 -> 
  custom:video-decoder-webm-vp8: 9c59270c3fd7afecdb556c50c9e8de78 -> 
  custom:audio-decoder-ogg-vorbis: bf7c407c2cedff20999df2af8eb42d56 -> 
========================================================================
Received Import Request.
  Time since last request: 905.279825 seconds.
  path: Assets/Timeline/Cutscene_1.playable
  artifactKey: Guid(04138ecce347c3b40b2026c20c4e9ef7) Importer(815301076,1909f56bfc062723c751e8b465ee728b)
Start importing Assets/Timeline/Cutscene_1.playable using Guid(04138ecce347c3b40b2026c20c4e9ef7) Importer(815301076,1909f56bfc062723c751e8b465ee728b)  -> (artifact id: 'b8ec0da9542b6283f21f0e231350a9c3') in 0.080679 seconds 
========================================================================
Received Import Request.
  Time since last request: 0.000049 seconds.
  path: Assets/packages/RPG_FPS_game_assets_industrial/Other_props/Fans/Fan_v1/Source/Fan_v1_1.FBX
  artifactKey: Guid(cdc7d5a89ab2ba14399bfe1e3a8c369d) Importer(815301076,1909f56bfc062723c751e8b465ee728b)
Start importing Assets/packages/RPG_FPS_game_assets_industrial/Other_props/Fans/Fan_v1/Source/Fan_v1_1.FBX using Guid(cdc7d5a89ab2ba14399bfe1e3a8c369d) Importer(815301076,1909f56bfc062723c751e8b465ee728b)  -> (artifact id: '843242362927bf7dbb7e2e27443ae74b') in 0.380577 seconds 
========================================================================
Received Import Request.
  Time since last request: 0.000055 seconds.
  path: Assets/packages/RPG_FPS_game_assets_industrial/Other_props/Fans/Fan_v1/Source/Fan_v1_2.FBX
  artifactKey: Guid(5ba094864e47b6844babb67dcface057) Importer(815301076,1909f56bfc062723c751e8b465ee728b)
Start importing Assets/packages/RPG_FPS_game_assets_industrial/Other_props/Fans/Fan_v1/Source/Fan_v1_2.FBX using Guid(5ba094864e47b6844babb67dcface057) Importer(815301076,1909f56bfc062723c751e8b465ee728b)  -> (artifact id: '0e8be753e2da911ed2253b2a2ad7dfe6') in 0.072128 seconds 
========================================================================
Received Import Request.
  Time since last request: 980.027756 seconds.
  path: Assets/scripts/ScriptableObjects/ItemDatas/bItemData.asset
  artifactKey: Guid(a7301d38f2a55f74e8fd357cad739bd6) Importer(815301076,1909f56bfc062723c751e8b465ee728b)
Start importing Assets/scripts/ScriptableObjects/ItemDatas/bItemData.asset using Guid(a7301d38f2a55f74e8fd357cad739bd6) Importer(815301076,1909f56bfc062723c751e8b465ee728b)  -> (artifact id: '9cf67e42f20dfdb08d1dbe6232a23ca1') in 0.008804 seconds 
========================================================================
Received Import Request.
  Time since last request: 0.082112 seconds.
  path: Assets/scripts/ScriptableObjects/ItemDatas/greyItemData.asset
  artifactKey: Guid(67edb914dbdc38e43b1ed5b1d9a8cc35) Importer(815301076,1909f56bfc062723c751e8b465ee728b)
Start importing Assets/scripts/ScriptableObjects/ItemDatas/greyItemData.asset using Guid(67edb914dbdc38e43b1ed5b1d9a8cc35) Importer(815301076,1909f56bfc062723c751e8b465ee728b)  -> (artifact id: '9a182f72d2bd42aa7675d5cd85a4cd4b') in 0.006175 seconds 
========================================================================
Received Import Request.
  Time since last request: 0.000034 seconds.
  path: Assets/scripts/ScriptableObjects/ItemDatas/yItemData 1.asset
  artifactKey: Guid(5f3304fe8a2de2446827da4ea2f31b0c) Importer(815301076,1909f56bfc062723c751e8b465ee728b)
Start importing Assets/scripts/ScriptableObjects/ItemDatas/yItemData 1.asset using Guid(5f3304fe8a2de2446827da4ea2f31b0c) Importer(815301076,1909f56bfc062723c751e8b465ee728b)  -> (artifact id: 'a625b4143e2e5b99cb22123c8432320a') in 0.006195 seconds 
========================================================================
Received Import Request.
  Time since last request: 0.000047 seconds.
  path: Assets/scripts/ScriptableObjects/ItemDatas/rItemData.asset
  artifactKey: Guid(e588884f51903ae4eaaff46e6ab97048) Importer(815301076,1909f56bfc062723c751e8b465ee728b)
Start importing Assets/scripts/ScriptableObjects/ItemDatas/rItemData.asset using Guid(e588884f51903ae4eaaff46e6ab97048) Importer(815301076,1909f56bfc062723c751e8b465ee728b)  -> (artifact id: '374935af6635f46f397463560e0322ce') in 0.011142 seconds 
========================================================================
Received Import Request.
  Time since last request: 0.000096 seconds.
  path: Assets/scripts/ScriptableObjects/ItemDatas/oItemData.asset
  artifactKey: Guid(57085456ecde805458c3b38607023b9e) Importer(815301076,1909f56bfc062723c751e8b465ee728b)
Start importing Assets/scripts/ScriptableObjects/ItemDatas/oItemData.asset using Guid(57085456ecde805458c3b38607023b9e) Importer(815301076,1909f56bfc062723c751e8b465ee728b)  -> (artifact id: '3f4d7beac93a06a0cbfdcdd4f3b85502') in 0.006264 seconds 
========================================================================
Received Import Request.
  Time since last request: 0.000032 seconds.
  path: Assets/scripts/ScriptableObjects/ItemDatas/pItemData.asset
  artifactKey: Guid(201b1bcf447b3164494e971808d34607) Importer(815301076,1909f56bfc062723c751e8b465ee728b)
Start importing Assets/scripts/ScriptableObjects/ItemDatas/pItemData.asset using Guid(201b1bcf447b3164494e971808d34607) Importer(815301076,1909f56bfc062723c751e8b465ee728b)  -> (artifact id: '44bbdf4a59581a87570fb9dc28239532') in 0.009997 seconds 
Editor requested this worker to shutdown with reason: Scaling down because of idle timeout
AssetImportWorker is now disconnected from the server
Process exiting
Exiting without the bug reporter. Application will terminate with return code 0